Started GET "/" for 127.0.0.1 at 2018-11-18 11:39:21 -0600
  
PG::ConnectionBad (could not connect to server: No such file or directory
	Is the server running locally and accepting
	connections on Unix domain socket "/var/run/postgresql/.s.PGSQL.5432"?
):
  
vendor/cache/ruby/2.5.0/gems/pg-1.1.3/lib/pg.rb:56:in `initialize'
vendor/cache/ruby/2.5.0/gems/pg-1.1.3/lib/pg.rb:56:in `new'
vendor/cache/ruby/2.5.0/gems/pg-1.1.3/lib/pg.rb:56:in `connect'
vendor/cache/ruby/2.5.0/gems/activerecord-5.2.1/lib/active_record/connection_adapters/postgresql_adapter.rb:684:in `connect'
vendor/cache/ruby/2.5.0/gems/activerecord-5.2.1/lib/active_record/connection_adapters/postgresql_adapter.rb:215:in `initialize'
vendor/cache/ruby/2.5.0/gems/activerecord-5.2.1/lib/active_record/connection_adapters/postgresql_adapter.rb:40:in `new'
vendor/cache/ruby/2.5.0/gems/activerecord-5.2.1/lib/active_record/connection_adapters/postgresql_adapter.rb:40:in `postgresql_connection'
vendor/cache/ruby/2.5.0/gems/activerecord-5.2.1/lib/active_record/connection_adapters/abstract/connection_pool.rb:809:in `new_connection'
vendor/cache/ruby/2.5.0/gems/activerecord-5.2.1/lib/active_record/connection_adapters/abstract/connection_pool.rb:853:in `checkout_new_connection'
vendor/cache/ruby/2.5.0/gems/activerecord-5.2.1/lib/active_record/connection_adapters/abstract/connection_pool.rb:832:in `try_to_checkout_new_connection'
vendor/cache/ruby/2.5.0/gems/activerecord-5.2.1/lib/active_record/connection_adapters/abstract/connection_pool.rb:793:in `acquire_connection'
vendor/cache/ruby/2.5.0/gems/activerecord-5.2.1/lib/active_record/connection_adapters/abstract/connection_pool.rb:521:in `checkout'
vendor/cache/ruby/2.5.0/gems/activerecord-5.2.1/lib/active_record/connection_adapters/abstract/connection_pool.rb:380:in `connection'
vendor/cache/ruby/2.5.0/gems/activerecord-5.2.1/lib/active_record/connection_adapters/abstract/connection_pool.rb:1008:in `retrieve_connection'
vendor/cache/ruby/2.5.0/gems/activerecord-5.2.1/lib/active_record/connection_handling.rb:118:in `retrieve_connection'
vendor/cache/ruby/2.5.0/gems/activerecord-5.2.1/lib/active_record/connection_handling.rb:90:in `connection'
vendor/cache/ruby/2.5.0/gems/activerecord-5.2.1/lib/active_record/migration.rb:554:in `call'
vendor/cache/ruby/2.5.0/gems/actionpack-5.2.1/lib/action_dispatch/middleware/callbacks.rb:28:in `block in call'
vendor/cache/ruby/2.5.0/gems/activesupport-5.2.1/lib/active_support/callbacks.rb:98:in `run_callbacks'
vendor/cache/ruby/2.5.0/gems/actionpack-5.2.1/lib/action_dispatch/middleware/callbacks.rb:26:in `call'
vendor/cache/ruby/2.5.0/gems/actionpack-5.2.1/lib/action_dispatch/middleware/executor.rb:14:in `call'
vendor/cache/ruby/2.5.0/gems/actionpack-5.2.1/lib/action_dispatch/middleware/debug_exceptions.rb:61:in `call'
vendor/cache/ruby/2.5.0/gems/web-console-3.7.0/lib/web_console/middleware.rb:135:in `call_app'
vendor/cache/ruby/2.5.0/gems/web-console-3.7.0/lib/web_console/middleware.rb:30:in `block in call'
vendor/cache/ruby/2.5.0/gems/web-console-3.7.0/lib/web_console/middleware.rb:20:in `catch'
vendor/cache/ruby/2.5.0/gems/web-console-3.7.0/lib/web_console/middleware.rb:20:in `call'
vendor/cache/ruby/2.5.0/gems/actionpack-5.2.1/lib/action_dispatch/middleware/show_exceptions.rb:33:in `call'
vendor/cache/ruby/2.5.0/gems/railties-5.2.1/lib/rails/rack/logger.rb:38:in `call_app'
vendor/cache/ruby/2.5.0/gems/railties-5.2.1/lib/rails/rack/logger.rb:26:in `block in call'
vendor/cache/ruby/2.5.0/gems/activesupport-5.2.1/lib/active_support/tagged_logging.rb:71:in `block in tagged'
vendor/cache/ruby/2.5.0/gems/activesupport-5.2.1/lib/active_support/tagged_logging.rb:28:in `tagged'
vendor/cache/ruby/2.5.0/gems/activesupport-5.2.1/lib/active_support/tagged_logging.rb:71:in `tagged'
vendor/cache/ruby/2.5.0/gems/railties-5.2.1/lib/rails/rack/logger.rb:26:in `call'
vendor/cache/ruby/2.5.0/gems/sprockets-rails-3.2.1/lib/sprockets/rails/quiet_assets.rb:13:in `call'
vendor/cache/ruby/2.5.0/gems/actionpack-5.2.1/lib/action_dispatch/middleware/remote_ip.rb:81:in `call'
vendor/cache/ruby/2.5.0/gems/actionpack-5.2.1/lib/action_dispatch/middleware/request_id.rb:27:in `call'
vendor/cache/ruby/2.5.0/gems/rack-2.0.6/lib/rack/method_override.rb:22:in `call'
vendor/cache/ruby/2.5.0/gems/rack-2.0.6/lib/rack/runtime.rb:22:in `call'
vendor/cache/ruby/2.5.0/gems/activesupport-5.2.1/lib/active_support/cache/strategy/local_cache_middleware.rb:29:in `call'
vendor/cache/ruby/2.5.0/gems/actionpack-5.2.1/lib/action_dispatch/middleware/executor.rb:14:in `call'
vendor/cache/ruby/2.5.0/gems/actionpack-5.2.1/lib/action_dispatch/middleware/static.rb:127:in `call'
vendor/cache/ruby/2.5.0/gems/rack-2.0.6/lib/rack/sendfile.rb:111:in `call'
vendor/cache/ruby/2.5.0/gems/railties-5.2.1/lib/rails/engine.rb:524:in `call'
vendor/cache/ruby/2.5.0/gems/puma-3.12.0/lib/puma/configuration.rb:225:in `call'
vendor/cache/ruby/2.5.0/gems/puma-3.12.0/lib/puma/server.rb:658:in `handle_request'
vendor/cache/ruby/2.5.0/gems/puma-3.12.0/lib/puma/server.rb:472:in `process_client'
vendor/cache/ruby/2.5.0/gems/puma-3.12.0/lib/puma/server.rb:332:in `block in run'
vendor/cache/ruby/2.5.0/gems/puma-3.12.0/lib/puma/thread_pool.rb:133:in `block in spawn_thread'
Started GET "/" for ::1 at 2019-06-29 16:23:02 -0500
  
PG::ConnectionBad (could not connect to server: No such file or directory
	Is the server running locally and accepting
	connections on Unix domain socket "/run/postgresql/.s.PGSQL.5432"?
):
  
pg (1.1.4) lib/pg.rb:56:in `initialize'
pg (1.1.4) lib/pg.rb:56:in `new'
pg (1.1.4) lib/pg.rb:56:in `connect'
activerecord (5.2.3) lib/active_record/connection_adapters/postgresql_adapter.rb:692:in `connect'
activerecord (5.2.3) lib/active_record/connection_adapters/postgresql_adapter.rb:223:in `initialize'
activerecord (5.2.3) lib/active_record/connection_adapters/postgresql_adapter.rb:48:in `new'
activerecord (5.2.3) lib/active_record/connection_adapters/postgresql_adapter.rb:48:in `postgresql_connection'
activerecord (5.2.3) lib/active_record/connection_adapters/abstract/connection_pool.rb:811:in `new_connection'
activerecord (5.2.3) lib/active_record/connection_adapters/abstract/connection_pool.rb:855:in `checkout_new_connection'
activerecord (5.2.3) lib/active_record/connection_adapters/abstract/connection_pool.rb:834:in `try_to_checkout_new_connection'
activerecord (5.2.3) lib/active_record/connection_adapters/abstract/connection_pool.rb:795:in `acquire_connection'
activerecord (5.2.3) lib/active_record/connection_adapters/abstract/connection_pool.rb:523:in `checkout'
activerecord (5.2.3) lib/active_record/connection_adapters/abstract/connection_pool.rb:382:in `connection'
activerecord (5.2.3) lib/active_record/connection_adapters/abstract/connection_pool.rb:1014:in `retrieve_connection'
activerecord (5.2.3) lib/active_record/connection_handling.rb:118:in `retrieve_connection'
activerecord (5.2.3) lib/active_record/connection_handling.rb:90:in `connection'
activerecord (5.2.3) lib/active_record/migration.rb:554:in `call'
actionpack (5.2.3) lib/action_dispatch/middleware/callbacks.rb:28:in `block in call'
activesupport (5.2.3) lib/active_support/callbacks.rb:98:in `run_callbacks'
actionpack (5.2.3) lib/action_dispatch/middleware/callbacks.rb:26:in `call'
actionpack (5.2.3) lib/action_dispatch/middleware/executor.rb:14:in `call'
actionpack (5.2.3) lib/action_dispatch/middleware/debug_exceptions.rb:61:in `call'
web-console (3.7.0) lib/web_console/middleware.rb:135:in `call_app'
web-console (3.7.0) lib/web_console/middleware.rb:30:in `block in call'
web-console (3.7.0) lib/web_console/middleware.rb:20:in `catch'
web-console (3.7.0) lib/web_console/middleware.rb:20:in `call'
actionpack (5.2.3) lib/action_dispatch/middleware/show_exceptions.rb:33:in `call'
railties (5.2.3) lib/rails/rack/logger.rb:38:in `call_app'
railties (5.2.3) lib/rails/rack/logger.rb:26:in `block in call'
activesupport (5.2.3) lib/active_support/tagged_logging.rb:71:in `block in tagged'
activesupport (5.2.3) lib/active_support/tagged_logging.rb:28:in `tagged'
activesupport (5.2.3) lib/active_support/tagged_logging.rb:71:in `tagged'
railties (5.2.3) lib/rails/rack/logger.rb:26:in `call'
sprockets-rails (3.2.1) lib/sprockets/rails/quiet_assets.rb:13:in `call'
actionpack (5.2.3) lib/action_dispatch/middleware/remote_ip.rb:81:in `call'
actionpack (5.2.3) lib/action_dispatch/middleware/request_id.rb:27:in `call'
rack (2.0.7) lib/rack/method_override.rb:22:in `call'
rack (2.0.7) lib/rack/runtime.rb:22:in `call'
activesupport (5.2.3) lib/active_support/cache/strategy/local_cache_middleware.rb:29:in `call'
actionpack (5.2.3) lib/action_dispatch/middleware/executor.rb:14:in `call'
actionpack (5.2.3) lib/action_dispatch/middleware/static.rb:127:in `call'
rack (2.0.7) lib/rack/sendfile.rb:111:in `call'
railties (5.2.3) lib/rails/engine.rb:524:in `call'
puma (3.12.1) lib/puma/configuration.rb:227:in `call'
puma (3.12.1) lib/puma/server.rb:660:in `handle_request'
puma (3.12.1) lib/puma/server.rb:474:in `process_client'
puma (3.12.1) lib/puma/server.rb:334:in `block in run'
puma (3.12.1) lib/puma/thread_pool.rb:135:in `block in spawn_thread'
Started GET "/" for ::1 at 2019-06-29 16:26:39 -0500
  
PG::ConnectionBad (could not connect to server: No such file or directory
	Is the server running locally and accepting
	connections on Unix domain socket "/run/postgresql/.s.PGSQL.5432"?
):
  
pg (1.1.4) lib/pg.rb:56:in `initialize'
pg (1.1.4) lib/pg.rb:56:in `new'
pg (1.1.4) lib/pg.rb:56:in `connect'
activerecord (5.2.3) lib/active_record/connection_adapters/postgresql_adapter.rb:692:in `connect'
activerecord (5.2.3) lib/active_record/connection_adapters/postgresql_adapter.rb:223:in `initialize'
activerecord (5.2.3) lib/active_record/connection_adapters/postgresql_adapter.rb:48:in `new'
activerecord (5.2.3) lib/active_record/connection_adapters/postgresql_adapter.rb:48:in `postgresql_connection'
activerecord (5.2.3) lib/active_record/connection_adapters/abstract/connection_pool.rb:811:in `new_connection'
activerecord (5.2.3) lib/active_record/connection_adapters/abstract/connection_pool.rb:855:in `checkout_new_connection'
activerecord (5.2.3) lib/active_record/connection_adapters/abstract/connection_pool.rb:834:in `try_to_checkout_new_connection'
activerecord (5.2.3) lib/active_record/connection_adapters/abstract/connection_pool.rb:795:in `acquire_connection'
activerecord (5.2.3) lib/active_record/connection_adapters/abstract/connection_pool.rb:523:in `checkout'
activerecord (5.2.3) lib/active_record/connection_adapters/abstract/connection_pool.rb:382:in `connection'
activerecord (5.2.3) lib/active_record/connection_adapters/abstract/connection_pool.rb:1014:in `retrieve_connection'
activerecord (5.2.3) lib/active_record/connection_handling.rb:118:in `retrieve_connection'
activerecord (5.2.3) lib/active_record/connection_handling.rb:90:in `connection'
activerecord (5.2.3) lib/active_record/migration.rb:554:in `call'
actionpack (5.2.3) lib/action_dispatch/middleware/callbacks.rb:28:in `block in call'
activesupport (5.2.3) lib/active_support/callbacks.rb:98:in `run_callbacks'
actionpack (5.2.3) lib/action_dispatch/middleware/callbacks.rb:26:in `call'
actionpack (5.2.3) lib/action_dispatch/middleware/executor.rb:14:in `call'
actionpack (5.2.3) lib/action_dispatch/middleware/debug_exceptions.rb:61:in `call'
web-console (3.7.0) lib/web_console/middleware.rb:135:in `call_app'
web-console (3.7.0) lib/web_console/middleware.rb:30:in `block in call'
web-console (3.7.0) lib/web_console/middleware.rb:20:in `catch'
web-console (3.7.0) lib/web_console/middleware.rb:20:in `call'
actionpack (5.2.3) lib/action_dispatch/middleware/show_exceptions.rb:33:in `call'
railties (5.2.3) lib/rails/rack/logger.rb:38:in `call_app'
railties (5.2.3) lib/rails/rack/logger.rb:26:in `block in call'
activesupport (5.2.3) lib/active_support/tagged_logging.rb:71:in `block in tagged'
activesupport (5.2.3) lib/active_support/tagged_logging.rb:28:in `tagged'
activesupport (5.2.3) lib/active_support/tagged_logging.rb:71:in `tagged'
railties (5.2.3) lib/rails/rack/logger.rb:26:in `call'
sprockets-rails (3.2.1) lib/sprockets/rails/quiet_assets.rb:13:in `call'
actionpack (5.2.3) lib/action_dispatch/middleware/remote_ip.rb:81:in `call'
actionpack (5.2.3) lib/action_dispatch/middleware/request_id.rb:27:in `call'
rack (2.0.7) lib/rack/method_override.rb:22:in `call'
rack (2.0.7) lib/rack/runtime.rb:22:in `call'
activesupport (5.2.3) lib/active_support/cache/strategy/local_cache_middleware.rb:29:in `call'
actionpack (5.2.3) lib/action_dispatch/middleware/executor.rb:14:in `call'
actionpack (5.2.3) lib/action_dispatch/middleware/static.rb:127:in `call'
rack (2.0.7) lib/rack/sendfile.rb:111:in `call'
railties (5.2.3) lib/rails/engine.rb:524:in `call'
puma (3.12.1) lib/puma/configuration.rb:227:in `call'
puma (3.12.1) lib/puma/server.rb:660:in `handle_request'
puma (3.12.1) lib/puma/server.rb:474:in `process_client'
puma (3.12.1) lib/puma/server.rb:334:in `block in run'
puma (3.12.1) lib/puma/thread_pool.rb:135:in `block in spawn_thread'
Started GET "/" for ::1 at 2019-06-29 17:12:45 -0500
  
PG::ConnectionBad (could not connect to server: No such file or directory
	Is the server running locally and accepting
	connections on Unix domain socket "/run/postgresql/.s.PGSQL.5432"?
):
  
pg (1.1.4) lib/pg.rb:56:in `initialize'
pg (1.1.4) lib/pg.rb:56:in `new'
pg (1.1.4) lib/pg.rb:56:in `connect'
activerecord (5.2.3) lib/active_record/connection_adapters/postgresql_adapter.rb:692:in `connect'
activerecord (5.2.3) lib/active_record/connection_adapters/postgresql_adapter.rb:223:in `initialize'
activerecord (5.2.3) lib/active_record/connection_adapters/postgresql_adapter.rb:48:in `new'
activerecord (5.2.3) lib/active_record/connection_adapters/postgresql_adapter.rb:48:in `postgresql_connection'
activerecord (5.2.3) lib/active_record/connection_adapters/abstract/connection_pool.rb:811:in `new_connection'
activerecord (5.2.3) lib/active_record/connection_adapters/abstract/connection_pool.rb:855:in `checkout_new_connection'
activerecord (5.2.3) lib/active_record/connection_adapters/abstract/connection_pool.rb:834:in `try_to_checkout_new_connection'
activerecord (5.2.3) lib/active_record/connection_adapters/abstract/connection_pool.rb:795:in `acquire_connection'
activerecord (5.2.3) lib/active_record/connection_adapters/abstract/connection_pool.rb:523:in `checkout'
activerecord (5.2.3) lib/active_record/connection_adapters/abstract/connection_pool.rb:382:in `connection'
activerecord (5.2.3) lib/active_record/connection_adapters/abstract/connection_pool.rb:1014:in `retrieve_connection'
activerecord (5.2.3) lib/active_record/connection_handling.rb:118:in `retrieve_connection'
activerecord (5.2.3) lib/active_record/connection_handling.rb:90:in `connection'
activerecord (5.2.3) lib/active_record/migration.rb:554:in `call'
actionpack (5.2.3) lib/action_dispatch/middleware/callbacks.rb:28:in `block in call'
activesupport (5.2.3) lib/active_support/callbacks.rb:98:in `run_callbacks'
actionpack (5.2.3) lib/action_dispatch/middleware/callbacks.rb:26:in `call'
actionpack (5.2.3) lib/action_dispatch/middleware/executor.rb:14:in `call'
actionpack (5.2.3) lib/action_dispatch/middleware/debug_exceptions.rb:61:in `call'
web-console (3.7.0) lib/web_console/middleware.rb:135:in `call_app'
web-console (3.7.0) lib/web_console/middleware.rb:30:in `block in call'
web-console (3.7.0) lib/web_console/middleware.rb:20:in `catch'
web-console (3.7.0) lib/web_console/middleware.rb:20:in `call'
actionpack (5.2.3) lib/action_dispatch/middleware/show_exceptions.rb:33:in `call'
railties (5.2.3) lib/rails/rack/logger.rb:38:in `call_app'
railties (5.2.3) lib/rails/rack/logger.rb:26:in `block in call'
activesupport (5.2.3) lib/active_support/tagged_logging.rb:71:in `block in tagged'
activesupport (5.2.3) lib/active_support/tagged_logging.rb:28:in `tagged'
activesupport (5.2.3) lib/active_support/tagged_logging.rb:71:in `tagged'
railties (5.2.3) lib/rails/rack/logger.rb:26:in `call'
sprockets-rails (3.2.1) lib/sprockets/rails/quiet_assets.rb:13:in `call'
actionpack (5.2.3) lib/action_dispatch/middleware/remote_ip.rb:81:in `call'
actionpack (5.2.3) lib/action_dispatch/middleware/request_id.rb:27:in `call'
rack (2.0.7) lib/rack/method_override.rb:22:in `call'
rack (2.0.7) lib/rack/runtime.rb:22:in `call'
activesupport (5.2.3) lib/active_support/cache/strategy/local_cache_middleware.rb:29:in `call'
actionpack (5.2.3) lib/action_dispatch/middleware/executor.rb:14:in `call'
actionpack (5.2.3) lib/action_dispatch/middleware/static.rb:127:in `call'
rack (2.0.7) lib/rack/sendfile.rb:111:in `call'
railties (5.2.3) lib/rails/engine.rb:524:in `call'
puma (3.12.1) lib/puma/configuration.rb:227:in `call'
puma (3.12.1) lib/puma/server.rb:660:in `handle_request'
puma (3.12.1) lib/puma/server.rb:474:in `process_client'
puma (3.12.1) lib/puma/server.rb:334:in `block in run'
puma (3.12.1) lib/puma/thread_pool.rb:135:in `block in spawn_thread'
Started PUT "/__web_console/repl_sessions/2a19458b3a59bb9dc91a5a8319b83ea4" for ::1 at 2019-06-29 17:12:49 -0500
Started PUT "/__web_console/repl_sessions/2a19458b3a59bb9dc91a5a8319b83ea4" for ::1 at 2019-06-29 17:12:52 -0500
Started PUT "/__web_console/repl_sessions/2a19458b3a59bb9dc91a5a8319b83ea4" for ::1 at 2019-06-29 17:12:52 -0500
